# JRE version: OpenJDK Runtime Environment (17.0.11) (build 17.0.11+0--11852314)
# Java VM: OpenJDK 64-Bit Server VM (17.0.11+0--11852314, mixed mode, tiered, compressed oops, compressed class ptrs, g1 gc, windows-amd64)
GC Precious Log:
 CPUs: 4 total, 4 available
 Memory: 3838M
 Large Page Support: Disabled
 NUMA Support: Disabled
 Compressed Oops: Enabled (32-bit)
 Heap Region Size: 1M
 Heap Min Capacity: 8M
 Heap Initial Capacity: 60M
 Heap Max Capacity: 2G
 Pre-touch: Disabled
 Parallel Workers: 4
 Concurrent Workers: 1
 Concurrent Refinement Workers: 4
 Periodic GC: Disabled
Heap:
 garbage-first heap   total 428032K, used 135024K [0x0000000080000000, 0x0000000100000000)
  region size 1024K, 12 young (12288K), 12 survivors (12288K)
 Metaspace       used 122068K, committed 122944K, reserved 1179648K
  class space    used 16642K, committed 17024K, reserved 1048576K
GC Heap History (20 events):
Event: 86.082 GC heap after
{Heap after GC invocations=56 (full 0):
 garbage-first heap   total 328704K, used 136544K [0x0000000080000000, 0x0000000100000000)
  region size 1024K, 15 young (15360K), 15 survivors (15360K)
 Metaspace       used 108317K, committed 109120K, reserved 1179648K
  class space    used 14547K, committed 14976K, reserved 1048576K
}
Event: 86.143 GC heap before
{Heap before GC invocations=56 (full 0):
 garbage-first heap   total 328704K, used 136544K [0x0000000080000000, 0x0000000100000000)
  region size 1024K, 16 young (16384K), 15 survivors (15360K)
 Metaspace       used 108318K, committed 109120K, reserved 1179648K
  class space    used 14547K, committed 14976K, reserved 1048576K
}
Event: 86.250 GC heap after
{Heap after GC invocations=57 (full 0):
 garbage-first heap   total 428032K, used 138005K [0x0000000080000000, 0x0000000100000000)
  region size 1024K, 2 young (2048K), 2 survivors (2048K)
 Metaspace       used 108318K, committed 109120K, reserved 1179648K
  class space    used 14547K, committed 14976K, reserved 1048576K
}
Event: 88.660 GC heap before
{Heap before GC invocations=57 (full 0):
 garbage-first heap   total 428032K, used 205589K [0x0000000080000000, 0x0000000100000000)
  region size 1024K, 69 young (70656K), 2 survivors (2048K)
 Metaspace       used 108638K, committed 109440K, reserved 1179648K
  class space    used 14590K, committed 14976K, reserved 1048576K
}
Event: 88.702 GC heap after
{Heap after GC invocations=58 (full 0):
 garbage-first heap   total 428032K, used 144781K [0x0000000080000000, 0x0000000100000000)
  region size 1024K, 9 young (9216K), 9 survivors (9216K)
 Metaspace       used 108638K, committed 109440K, reserved 1179648K
  class space    used 14590K, committed 14976K, reserved 1048576K
}
Event: 90.040 GC heap before
{Heap before GC invocations=58 (full 0):
 garbage-first heap   total 428032K, used 161165K [0x0000000080000000, 0x0000000100000000)
  region size 1024K, 26 young (26624K), 9 survivors (9216K)
 Metaspace       used 109423K, committed 110208K, reserved 1179648K
  class space    used 14709K, committed 15104K, reserved 1048576K
}
Event: 90.521 GC heap after
{Heap after GC invocations=59 (full 0):
 garbage-first heap   total 428032K, used 146029K [0x0000000080000000, 0x0000000100000000)
  region size 1024K, 2 young (2048K), 2 survivors (2048K)
 Metaspace       used 109423K, committed 110208K, reserved 1179648K
  class space    used 14709K, committed 15104K, reserved 1048576K
}
Event: 100.662 GC heap before
{Heap before GC invocations=60 (full 0):
 garbage-first heap   total 428032K, used 170605K [0x0000000080000000, 0x0000000100000000)
  region size 1024K, 37 young (37888K), 2 survivors (2048K)
 Metaspace       used 110458K, committed 111232K, reserved 1179648K
  class space    used 14862K, committed 15232K, reserved 1048576K
}
Event: 100.775 GC heap after
{Heap after GC invocations=61 (full 0):
 garbage-first heap   total 428032K, used 134916K [0x0000000080000000, 0x0000000100000000)
  region size 1024K, 3 young (3072K), 3 survivors (3072K)
 Metaspace       used 110458K, committed 111232K, reserved 1179648K
  class space    used 14862K, committed 15232K, reserved 1048576K
}
Event: 104.891 GC heap before
{Heap before GC invocations=61 (full 0):
 garbage-first heap   total 428032K, used 151300K [0x0000000080000000, 0x0000000100000000)
  region size 1024K, 20 young (20480K), 3 survivors (3072K)
 Metaspace       used 111807K, committed 112640K, reserved 1179648K
  class space    used 15065K, committed 15488K, reserved 1048576K
}
Event: 104.967 GC heap after
{Heap after GC invocations=62 (full 0):
 garbage-first heap   total 428032K, used 113212K [0x0000000080000000, 0x0000000100000000)
  region size 1024K, 2 young (2048K), 2 survivors (2048K)
 Metaspace       used 111807K, committed 112640K, reserved 1179648K
  class space    used 15065K, committed 15488K, reserved 1048576K
}
Event: 108.122 GC heap before
{Heap before GC invocations=62 (full 0):
 garbage-first heap   total 428032K, used 168508K [0x0000000080000000, 0x0000000100000000)
  region size 1024K, 57 young (58368K), 2 survivors (2048K)
 Metaspace       used 114422K, committed 115328K, reserved 1179648K
  class space    used 15438K, committed 15872K, reserved 1048576K
}
Event: 108.191 GC heap after
{Heap after GC invocations=63 (full 0):
 garbage-first heap   total 428032K, used 122879K [0x0000000080000000, 0x0000000100000000)
  region size 1024K, 8 young (8192K), 8 survivors (8192K)
 Metaspace       used 114422K, committed 115328K, reserved 1179648K
  class space    used 15438K, committed 15872K, reserved 1048576K
}
Event: 109.831 GC heap before
{Heap before GC invocations=63 (full 0):
 garbage-first heap   total 428032K, used 132095K [0x0000000080000000, 0x0000000100000000)
  region size 1024K, 20 young (20480K), 8 survivors (8192K)
 Metaspace       used 114914K, committed 115776K, reserved 1179648K
  class space    used 15523K, committed 15936K, reserved 1048576K
}
Event: 109.879 GC heap after
{Heap after GC invocations=64 (full 0):
 garbage-first heap   total 428032K, used 121855K [0x0000000080000000, 0x0000000100000000)
  region size 1024K, 2 young (2048K), 2 survivors (2048K)
 Metaspace       used 114914K, committed 115776K, reserved 1179648K
  class space    used 15523K, committed 15936K, reserved 1048576K
}
Event: 111.054 GC heap before
{Heap before GC invocations=65 (full 0):
 garbage-first heap   total 428032K, used 167935K [0x0000000080000000, 0x0000000100000000)
  region size 1024K, 48 young (49152K), 2 survivors (2048K)
 Metaspace       used 116349K, committed 117248K, reserved 1179648K
  class space    used 15708K, committed 16128K, reserved 1048576K
}
Event: 111.078 GC heap after
{Heap after GC invocations=66 (full 0):
 garbage-first heap   total 428032K, used 126229K [0x0000000080000000, 0x0000000100000000)
  region size 1024K, 6 young (6144K), 6 survivors (6144K)
 Metaspace       used 116349K, committed 117248K, reserved 1179648K
  class space    used 15708K, committed 16128K, reserved 1048576K
}
Event: 112.045 GC heap before
{Heap before GC invocations=66 (full 0):
 garbage-first heap   total 428032K, used 140565K [0x0000000080000000, 0x0000000100000000)
  region size 1024K, 20 young (20480K), 6 survivors (6144K)
 Metaspace       used 116985K, committed 117824K, reserved 1179648K
  class space    used 15800K, committed 16192K, reserved 1048576K
}
Event: 112.091 GC heap after
{Heap after GC invocations=67 (full 0):
 garbage-first heap   total 428032K, used 122878K [0x0000000080000000, 0x0000000100000000)
  region size 1024K, 3 young (3072K), 3 survivors (3072K)
 Metaspace       used 116985K, committed 117824K, reserved 1179648K
  class space    used 15800K, committed 16192K, reserved 1048576K
}
Event: 114.141 GC heap before
{Heap before GC invocations=67 (full 0):
 garbage-first heap   total 428032K, used 217086K [0x0000000080000000, 0x0000000100000000)
  region size 1024K, 96 young (98304K), 3 survivors (3072K)
 Metaspace       used 122068K, committed 122944K, reserved 1179648K
  class space    used 16642K, committed 17024K, reserved 1048576K
}

