# JRE version: OpenJDK Runtime Environment (17.0.11) (build 17.0.11+0--11852314)
# Java VM: OpenJDK 64-Bit Server VM (17.0.11+0--11852314, mixed mode, tiered, compressed oops, compressed class ptrs, g1 gc, windows-amd64)
GC Precious Log:
 CPUs: 4 total, 4 available
 Memory: 3838M
 Large Page Support: Disabled
 NUMA Support: Disabled
 Compressed Oops: Enabled (32-bit)
 Heap Region Size: 1M
 Heap Min Capacity: 8M
 Heap Initial Capacity: 60M
 Heap Max Capacity: 2G
 Pre-touch: Disabled
 Parallel Workers: 4
 Concurrent Workers: 1
 Concurrent Refinement Workers: 4
 Periodic GC: Disabled
Heap:
 garbage-first heap   total 280576K, used 143653K [0x0000000080000000, 0x0000000100000000)
  region size 1024K, 12 young (12288K), 12 survivors (12288K)
 Metaspace       used 107844K, committed 108736K, reserved 1179648K
  class space    used 14543K, committed 14976K, reserved 1048576K
GC Heap History (20 events):
Event: 12.711 GC heap after
{Heap after GC invocations=42 (full 0):
 garbage-first heap   total 117760K, used 61300K [0x0000000080000000, 0x0000000100000000)
  region size 1024K, 3 young (3072K), 3 survivors (3072K)
 Metaspace       used 70230K, committed 70848K, reserved 1114112K
  class space    used 9549K, committed 9856K, reserved 1048576K
}
Event: 13.326 GC heap before
{Heap before GC invocations=42 (full 0):
 garbage-first heap   total 117760K, used 92020K [0x0000000080000000, 0x0000000100000000)
  region size 1024K, 33 young (33792K), 3 survivors (3072K)
 Metaspace       used 73528K, committed 74112K, reserved 1114112K
  class space    used 10010K, committed 10304K, reserved 1048576K
}
Event: 13.331 GC heap after
{Heap after GC invocations=43 (full 0):
 garbage-first heap   total 269312K, used 61983K [0x0000000080000000, 0x0000000100000000)
  region size 1024K, 3 young (3072K), 3 survivors (3072K)
 Metaspace       used 73528K, committed 74112K, reserved 1114112K
  class space    used 10010K, committed 10304K, reserved 1048576K
}
Event: 16.086 GC heap before
{Heap before GC invocations=43 (full 0):
 garbage-first heap   total 269312K, used 183839K [0x0000000080000000, 0x0000000100000000)
  region size 1024K, 121 young (123904K), 3 survivors (3072K)
 Metaspace       used 81953K, committed 82496K, reserved 1179648K
  class space    used 11364K, committed 11648K, reserved 1048576K
}
Event: 16.140 GC heap after
{Heap after GC invocations=44 (full 0):
 garbage-first heap   total 269312K, used 68240K [0x0000000080000000, 0x0000000100000000)
  region size 1024K, 9 young (9216K), 9 survivors (9216K)
 Metaspace       used 81953K, committed 82496K, reserved 1179648K
  class space    used 11364K, committed 11648K, reserved 1048576K
}
Event: 19.250 GC heap before
{Heap before GC invocations=44 (full 0):
 garbage-first heap   total 269312K, used 209552K [0x0000000080000000, 0x0000000100000000)
  region size 1024K, 147 young (150528K), 9 survivors (9216K)
 Metaspace       used 93077K, committed 93824K, reserved 1179648K
  class space    used 13013K, committed 13376K, reserved 1048576K
}
Event: 19.302 GC heap after
{Heap after GC invocations=45 (full 0):
 garbage-first heap   total 269312K, used 76889K [0x0000000080000000, 0x0000000100000000)
  region size 1024K, 18 young (18432K), 18 survivors (18432K)
 Metaspace       used 93077K, committed 93824K, reserved 1179648K
  class space    used 13013K, committed 13376K, reserved 1048576K
}
Event: 24.087 GC heap before
{Heap before GC invocations=45 (full 0):
 garbage-first heap   total 269312K, used 223321K [0x0000000080000000, 0x0000000100000000)
  region size 1024K, 148 young (151552K), 18 survivors (18432K)
 Metaspace       used 98088K, committed 98880K, reserved 1179648K
  class space    used 13549K, committed 13952K, reserved 1048576K
}
Event: 24.365 GC heap after
{Heap after GC invocations=46 (full 0):
 garbage-first heap   total 269312K, used 100081K [0x0000000080000000, 0x0000000100000000)
  region size 1024K, 19 young (19456K), 19 survivors (19456K)
 Metaspace       used 98088K, committed 98880K, reserved 1179648K
  class space    used 13549K, committed 13952K, reserved 1048576K
}
Event: 26.798 GC heap before
{Heap before GC invocations=46 (full 0):
 garbage-first heap   total 269312K, used 194289K [0x0000000080000000, 0x0000000100000000)
  region size 1024K, 92 young (94208K), 19 survivors (19456K)
 Metaspace       used 98819K, committed 99584K, reserved 1179648K
  class space    used 13605K, committed 13952K, reserved 1048576K
}
Event: 26.941 GC heap after
{Heap after GC invocations=47 (full 0):
 garbage-first heap   total 269312K, used 121856K [0x0000000080000000, 0x0000000100000000)
  region size 1024K, 16 young (16384K), 16 survivors (16384K)
 Metaspace       used 98819K, committed 99584K, reserved 1179648K
  class space    used 13605K, committed 13952K, reserved 1048576K
}
Event: 28.021 GC heap before
{Heap before GC invocations=48 (full 0):
 garbage-first heap   total 280576K, used 203776K [0x0000000080000000, 0x0000000100000000)
  region size 1024K, 93 young (95232K), 16 survivors (16384K)
 Metaspace       used 101961K, committed 102784K, reserved 1179648K
  class space    used 13905K, committed 14336K, reserved 1048576K
}
Event: 28.108 GC heap after
{Heap after GC invocations=49 (full 0):
 garbage-first heap   total 280576K, used 130560K [0x0000000080000000, 0x0000000100000000)
  region size 1024K, 12 young (12288K), 12 survivors (12288K)
 Metaspace       used 101961K, committed 102784K, reserved 1179648K
  class space    used 13905K, committed 14336K, reserved 1048576K
}
Event: 28.119 GC heap before
{Heap before GC invocations=49 (full 0):
 garbage-first heap   total 280576K, used 131584K [0x0000000080000000, 0x0000000100000000)
  region size 1024K, 13 young (13312K), 12 survivors (12288K)
 Metaspace       used 101994K, committed 102848K, reserved 1179648K
  class space    used 13908K, committed 14336K, reserved 1048576K
}
Event: 28.139 GC heap after
{Heap after GC invocations=50 (full 0):
 garbage-first heap   total 280576K, used 132096K [0x0000000080000000, 0x0000000100000000)
  region size 1024K, 2 young (2048K), 2 survivors (2048K)
 Metaspace       used 101994K, committed 102848K, reserved 1179648K
  class space    used 13908K, committed 14336K, reserved 1048576K
}
Event: 29.241 GC heap before
{Heap before GC invocations=50 (full 0):
 garbage-first heap   total 280576K, used 212992K [0x0000000080000000, 0x0000000100000000)
  region size 1024K, 81 young (82944K), 2 survivors (2048K)
 Metaspace       used 103128K, committed 103936K, reserved 1179648K
  class space    used 14001K, committed 14400K, reserved 1048576K
}
Event: 29.250 GC heap after
{Heap after GC invocations=51 (full 0):
 garbage-first heap   total 280576K, used 131983K [0x0000000080000000, 0x0000000100000000)
  region size 1024K, 2 young (2048K), 2 survivors (2048K)
 Metaspace       used 103128K, committed 103936K, reserved 1179648K
  class space    used 14001K, committed 14400K, reserved 1048576K
}
Event: 31.540 GC heap before
{Heap before GC invocations=51 (full 0):
 garbage-first heap   total 280576K, used 216975K [0x0000000080000000, 0x0000000100000000)
  region size 1024K, 86 young (88064K), 2 survivors (2048K)
 Metaspace       used 106297K, committed 107008K, reserved 1179648K
  class space    used 14362K, committed 14720K, reserved 1048576K
}
Event: 31.621 GC heap after
{Heap after GC invocations=52 (full 0):
 garbage-first heap   total 280576K, used 136683K [0x0000000080000000, 0x0000000100000000)
  region size 1024K, 7 young (7168K), 7 survivors (7168K)
 Metaspace       used 106297K, committed 107008K, reserved 1179648K
  class space    used 14362K, committed 14720K, reserved 1048576K
}
Event: 33.515 GC heap before
{Heap before GC invocations=52 (full 0):
 garbage-first heap   total 280576K, used 220651K [0x0000000080000000, 0x0000000100000000)
  region size 1024K, 90 young (92160K), 7 survivors (7168K)
 Metaspace       used 107844K, committed 108736K, reserved 1179648K
  class space    used 14543K, committed 14976K, reserved 1048576K
}

