# JRE version: OpenJDK Runtime Environment (17.0.11) (build 17.0.11+0--11852314)
# Java VM: OpenJDK 64-Bit Server VM (17.0.11+0--11852314, mixed mode, tiered, compressed oops, compressed class ptrs, g1 gc, windows-amd64)
GC Precious Log:
 CPUs: 4 total, 4 available
 Memory: 3838M
 Large Page Support: Disabled
 NUMA Support: Disabled
 Compressed Oops: Enabled (32-bit)
 Heap Region Size: 1M
 Heap Min Capacity: 8M
 Heap Initial Capacity: 60M
 Heap Max Capacity: 2G
 Pre-touch: Disabled
 Parallel Workers: 4
 Concurrent Workers: 1
 Concurrent Refinement Workers: 4
 Periodic GC: Disabled
Heap:
 garbage-first heap   total 519168K, used 211361K [0x0000000080000000, 0x0000000100000000)
  region size 1024K, 46 young (47104K), 2 survivors (2048K)
 Metaspace       used 153741K, committed 154624K, reserved 1245184K
  class space    used 19781K, committed 20160K, reserved 1048576K
GC Heap History (20 events):
Event: 44.082 GC heap before
{Heap before GC invocations=61 (full 0):
 garbage-first heap   total 222208K, used 181634K [0x0000000080000000, 0x0000000100000000)
  region size 1024K, 77 young (78848K), 5 survivors (5120K)
 Metaspace       used 111144K, committed 111808K, reserved 1179648K
  class space    used 14300K, committed 14592K, reserved 1048576K
}
Event: 44.089 GC heap after
{Heap after GC invocations=62 (full 0):
 garbage-first heap   total 222208K, used 109817K [0x0000000080000000, 0x0000000100000000)
  region size 1024K, 7 young (7168K), 7 survivors (7168K)
 Metaspace       used 111144K, committed 111808K, reserved 1179648K
  class space    used 14300K, committed 14592K, reserved 1048576K
}
Event: 45.264 GC heap before
{Heap before GC invocations=62 (full 0):
 garbage-first heap   total 222208K, used 185593K [0x0000000080000000, 0x0000000100000000)
  region size 1024K, 80 young (81920K), 7 survivors (7168K)
 Metaspace       used 114266K, committed 114880K, reserved 1179648K
  class space    used 14642K, committed 14912K, reserved 1048576K
}
Event: 45.339 GC heap after
{Heap after GC invocations=63 (full 0):
 garbage-first heap   total 222208K, used 116096K [0x0000000080000000, 0x0000000100000000)
  region size 1024K, 9 young (9216K), 9 survivors (9216K)
 Metaspace       used 114266K, committed 114880K, reserved 1179648K
  class space    used 14642K, committed 14912K, reserved 1048576K
}
Event: 54.261 GC heap before
{Heap before GC invocations=63 (full 0):
 garbage-first heap   total 222208K, used 182656K [0x0000000080000000, 0x0000000100000000)
  region size 1024K, 74 young (75776K), 9 survivors (9216K)
 Metaspace       used 120827K, committed 121536K, reserved 1179648K
  class space    used 15570K, committed 15872K, reserved 1048576K
}
Event: 54.295 GC heap after
{Heap after GC invocations=64 (full 0):
 garbage-first heap   total 222208K, used 112545K [0x0000000080000000, 0x0000000100000000)
  region size 1024K, 3 young (3072K), 3 survivors (3072K)
 Metaspace       used 120827K, committed 121536K, reserved 1179648K
  class space    used 15570K, committed 15872K, reserved 1048576K
}
Event: 60.560 GC heap before
{Heap before GC invocations=65 (full 0):
 garbage-first heap   total 222208K, used 183201K [0x0000000080000000, 0x0000000100000000)
  region size 1024K, 73 young (74752K), 3 survivors (3072K)
 Metaspace       used 128757K, committed 129408K, reserved 1179648K
  class space    used 16610K, committed 16896K, reserved 1048576K
}
Event: 60.586 GC heap after
{Heap after GC invocations=66 (full 0):
 garbage-first heap   total 222208K, used 116435K [0x0000000080000000, 0x0000000100000000)
  region size 1024K, 7 young (7168K), 7 survivors (7168K)
 Metaspace       used 128757K, committed 129408K, reserved 1179648K
  class space    used 16610K, committed 16896K, reserved 1048576K
}
Event: 60.701 GC heap before
{Heap before GC invocations=66 (full 0):
 garbage-first heap   total 222208K, used 119507K [0x0000000080000000, 0x0000000100000000)
  region size 1024K, 10 young (10240K), 7 survivors (7168K)
 Metaspace       used 129079K, committed 129792K, reserved 1179648K
  class space    used 16660K, committed 16960K, reserved 1048576K
}
Event: 60.740 GC heap after
{Heap after GC invocations=67 (full 0):
 garbage-first heap   total 222208K, used 116234K [0x0000000080000000, 0x0000000100000000)
  region size 1024K, 1 young (1024K), 1 survivors (1024K)
 Metaspace       used 129079K, committed 129792K, reserved 1179648K
  class space    used 16660K, committed 16960K, reserved 1048576K
}
Event: 72.911 GC heap before
{Heap before GC invocations=67 (full 0):
 garbage-first heap   total 222208K, used 185866K [0x0000000080000000, 0x0000000100000000)
  region size 1024K, 68 young (69632K), 1 survivors (1024K)
 Metaspace       used 131830K, committed 132544K, reserved 1179648K
  class space    used 16988K, committed 17280K, reserved 1048576K
}
Event: 73.002 GC heap after
{Heap after GC invocations=68 (full 0):
 garbage-first heap   total 222208K, used 126106K [0x0000000080000000, 0x0000000100000000)
  region size 1024K, 9 young (9216K), 9 survivors (9216K)
 Metaspace       used 131830K, committed 132544K, reserved 1179648K
  class space    used 16988K, committed 17280K, reserved 1048576K
}
Event: 75.465 GC heap before
{Heap before GC invocations=68 (full 0):
 garbage-first heap   total 222208K, used 189594K [0x0000000080000000, 0x0000000100000000)
  region size 1024K, 64 young (65536K), 9 survivors (9216K)
 Metaspace       used 131986K, committed 132800K, reserved 1179648K
  class space    used 16991K, committed 17344K, reserved 1048576K
}
Event: 75.596 GC heap after
{Heap after GC invocations=69 (full 0):
 garbage-first heap   total 222208K, used 139874K [0x0000000080000000, 0x0000000100000000)
  region size 1024K, 8 young (8192K), 8 survivors (8192K)
 Metaspace       used 131986K, committed 132800K, reserved 1179648K
  class space    used 16991K, committed 17344K, reserved 1048576K
}
Event: 76.472 GC heap before
{Heap before GC invocations=69 (full 0):
 garbage-first heap   total 222208K, used 181858K [0x0000000080000000, 0x0000000100000000)
  region size 1024K, 49 young (50176K), 8 survivors (8192K)
 Metaspace       used 132135K, committed 132928K, reserved 1179648K
  class space    used 16995K, committed 17344K, reserved 1048576K
}
Event: 76.524 GC heap after
{Heap after GC invocations=70 (full 0):
 garbage-first heap   total 617472K, used 144882K [0x0000000080000000, 0x0000000100000000)
  region size 1024K, 4 young (4096K), 4 survivors (4096K)
 Metaspace       used 132135K, committed 132928K, reserved 1179648K
  class space    used 16995K, committed 17344K, reserved 1048576K
}
Event: 408.118 GC heap before
{Heap before GC invocations=71 (full 0):
 garbage-first heap   total 519168K, used 438770K [0x0000000080000000, 0x0000000100000000)
  region size 1024K, 282 young (288768K), 4 survivors (4096K)
 Metaspace       used 151208K, committed 152128K, reserved 1245184K
  class space    used 19430K, committed 19840K, reserved 1048576K
}
Event: 409.320 GC heap after
{Heap after GC invocations=72 (full 0):
 garbage-first heap   total 519168K, used 166800K [0x0000000080000000, 0x0000000100000000)
  region size 1024K, 22 young (22528K), 22 survivors (22528K)
 Metaspace       used 151208K, committed 152128K, reserved 1245184K
  class space    used 19430K, committed 19840K, reserved 1048576K
}
Event: 410.431 GC heap before
{Heap before GC invocations=72 (full 0):
 garbage-first heap   total 519168K, used 169872K [0x0000000080000000, 0x0000000100000000)
  region size 1024K, 25 young (25600K), 22 survivors (22528K)
 Metaspace       used 151417K, committed 152320K, reserved 1245184K
  class space    used 19459K, committed 19840K, reserved 1048576K
}
Event: 410.573 GC heap after
{Heap after GC invocations=73 (full 0):
 garbage-first heap   total 519168K, used 168353K [0x0000000080000000, 0x0000000100000000)
  region size 1024K, 2 young (2048K), 2 survivors (2048K)
 Metaspace       used 151417K, committed 152320K, reserved 1245184K
  class space    used 19459K, committed 19840K, reserved 1048576K
}

