# JRE version: OpenJDK Runtime Environment (17.0.11) (build 17.0.11+0--11852314)
# Java VM: OpenJDK 64-Bit Server VM (17.0.11+0--11852314, mixed mode, tiered, compressed oops, compressed class ptrs, g1 gc, windows-amd64)
GC Precious Log:
 CPUs: 4 total, 4 available
 Memory: 3838M
 Large Page Support: Disabled
 NUMA Support: Disabled
 Compressed Oops: Enabled (32-bit)
 Heap Region Size: 1M
 Heap Min Capacity: 8M
 Heap Initial Capacity: 60M
 Heap Max Capacity: 2G
 Pre-touch: Disabled
 Parallel Workers: 4
 Concurrent Workers: 1
 Concurrent Refinement Workers: 4
 Periodic GC: Disabled
Heap:
 garbage-first heap   total 263168K, used 125775K [0x0000000080000000, 0x0000000100000000)
  region size 1024K, 1 young (1024K), 1 survivors (1024K)
 Metaspace       used 121089K, committed 121984K, reserved 1179648K
  class space    used 16684K, committed 17152K, reserved 1048576K
GC Heap History (20 events):
Event: 107.928 GC heap after
{Heap after GC invocations=44 (full 0):
 garbage-first heap   total 201728K, used 89857K [0x0000000080000000, 0x0000000100000000)
  region size 1024K, 2 young (2048K), 2 survivors (2048K)
 Metaspace       used 100784K, committed 101632K, reserved 1179648K
  class space    used 13811K, committed 14208K, reserved 1048576K
}
Event: 111.664 GC heap before
{Heap before GC invocations=44 (full 0):
 garbage-first heap   total 201728K, used 164609K [0x0000000080000000, 0x0000000100000000)
  region size 1024K, 76 young (77824K), 2 survivors (2048K)
 Metaspace       used 102464K, committed 103296K, reserved 1179648K
  class space    used 14005K, committed 14400K, reserved 1048576K
}
Event: 111.775 GC heap after
{Heap after GC invocations=45 (full 0):
 garbage-first heap   total 201728K, used 95361K [0x0000000080000000, 0x0000000100000000)
  region size 1024K, 8 young (8192K), 8 survivors (8192K)
 Metaspace       used 102464K, committed 103296K, reserved 1179648K
  class space    used 14005K, committed 14400K, reserved 1048576K
}
Event: 116.828 GC heap before
{Heap before GC invocations=45 (full 0):
 garbage-first heap   total 201728K, used 163969K [0x0000000080000000, 0x0000000100000000)
  region size 1024K, 76 young (77824K), 8 survivors (8192K)
 Metaspace       used 104665K, committed 105536K, reserved 1179648K
  class space    used 14300K, committed 14720K, reserved 1048576K
}
Event: 116.920 GC heap after
{Heap after GC invocations=46 (full 0):
 garbage-first heap   total 201728K, used 101075K [0x0000000080000000, 0x0000000100000000)
  region size 1024K, 8 young (8192K), 8 survivors (8192K)
 Metaspace       used 104665K, committed 105536K, reserved 1179648K
  class space    used 14300K, committed 14720K, reserved 1048576K
}
Event: 119.170 GC heap before
{Heap before GC invocations=46 (full 0):
 garbage-first heap   total 201728K, used 163539K [0x0000000080000000, 0x0000000100000000)
  region size 1024K, 70 young (71680K), 8 survivors (8192K)
 Metaspace       used 107180K, committed 107968K, reserved 1179648K
  class space    used 14658K, committed 15040K, reserved 1048576K
}
Event: 119.232 GC heap after
{Heap after GC invocations=47 (full 0):
 garbage-first heap   total 242688K, used 108944K [0x0000000080000000, 0x0000000100000000)
  region size 1024K, 8 young (8192K), 8 survivors (8192K)
 Metaspace       used 107180K, committed 107968K, reserved 1179648K
  class space    used 14658K, committed 15040K, reserved 1048576K
}
Event: 123.771 GC heap before
{Heap before GC invocations=47 (full 0):
 garbage-first heap   total 242688K, used 195984K [0x0000000080000000, 0x0000000100000000)
  region size 1024K, 92 young (94208K), 8 survivors (8192K)
 Metaspace       used 111795K, committed 112640K, reserved 1179648K
  class space    used 15327K, committed 15744K, reserved 1048576K
}
Event: 123.824 GC heap after
{Heap after GC invocations=48 (full 0):
 garbage-first heap   total 242688K, used 111232K [0x0000000080000000, 0x0000000100000000)
  region size 1024K, 7 young (7168K), 7 survivors (7168K)
 Metaspace       used 111795K, committed 112640K, reserved 1179648K
  class space    used 15327K, committed 15744K, reserved 1048576K
}
Event: 125.175 GC heap before
{Heap before GC invocations=48 (full 0):
 garbage-first heap   total 242688K, used 118400K [0x0000000080000000, 0x0000000100000000)
  region size 1024K, 16 young (16384K), 7 survivors (7168K)
 Metaspace       used 111981K, committed 112768K, reserved 1179648K
  class space    used 15337K, committed 15744K, reserved 1048576K
}
Event: 125.214 GC heap after
{Heap after GC invocations=49 (full 0):
 garbage-first heap   total 242688K, used 113694K [0x0000000080000000, 0x0000000100000000)
  region size 1024K, 3 young (3072K), 3 survivors (3072K)
 Metaspace       used 111981K, committed 112768K, reserved 1179648K
  class space    used 15337K, committed 15744K, reserved 1048576K
}
Event: 127.531 GC heap before
{Heap before GC invocations=50 (full 0):
 garbage-first heap   total 263168K, used 189470K [0x0000000080000000, 0x0000000100000000)
  region size 1024K, 78 young (79872K), 3 survivors (3072K)
 Metaspace       used 114472K, committed 115264K, reserved 1179648K
  class space    used 15736K, committed 16128K, reserved 1048576K
}
Event: 127.610 GC heap after
{Heap after GC invocations=51 (full 0):
 garbage-first heap   total 263168K, used 124802K [0x0000000080000000, 0x0000000100000000)
  region size 1024K, 10 young (10240K), 10 survivors (10240K)
 Metaspace       used 114472K, committed 115264K, reserved 1179648K
  class space    used 15736K, committed 16128K, reserved 1048576K
}
Event: 127.634 GC heap before
{Heap before GC invocations=51 (full 0):
 garbage-first heap   total 263168K, used 126850K [0x0000000080000000, 0x0000000100000000)
  region size 1024K, 12 young (12288K), 10 survivors (10240K)
 Metaspace       used 114472K, committed 115264K, reserved 1179648K
  class space    used 15736K, committed 16128K, reserved 1048576K
}
Event: 127.690 GC heap after
{Heap after GC invocations=52 (full 0):
 garbage-first heap   total 263168K, used 121130K [0x0000000080000000, 0x0000000100000000)
  region size 1024K, 2 young (2048K), 2 survivors (2048K)
 Metaspace       used 114472K, committed 115264K, reserved 1179648K
  class space    used 15736K, committed 16128K, reserved 1048576K
}
Event: 129.263 GC heap before
{Heap before GC invocations=52 (full 0):
 garbage-first heap   total 263168K, used 204074K [0x0000000080000000, 0x0000000100000000)
  region size 1024K, 84 young (86016K), 2 survivors (2048K)
 Metaspace       used 117389K, committed 118272K, reserved 1179648K
  class space    used 16223K, committed 16704K, reserved 1048576K
}
Event: 129.419 GC heap after
{Heap after GC invocations=53 (full 0):
 garbage-first heap   total 263168K, used 130157K [0x0000000080000000, 0x0000000100000000)
  region size 1024K, 11 young (11264K), 11 survivors (11264K)
 Metaspace       used 117389K, committed 118272K, reserved 1179648K
  class space    used 16223K, committed 16704K, reserved 1048576K
}
Event: 133.716 GC heap before
{Heap before GC invocations=54 (full 0):
 garbage-first heap   total 263168K, used 205933K [0x0000000080000000, 0x0000000100000000)
  region size 1024K, 87 young (89088K), 11 survivors (11264K)
 Metaspace       used 120737K, committed 121600K, reserved 1179648K
  class space    used 16641K, committed 17088K, reserved 1048576K
}
Event: 133.785 GC heap after
{Heap after GC invocations=55 (full 0):
 garbage-first heap   total 263168K, used 130328K [0x0000000080000000, 0x0000000100000000)
  region size 1024K, 2 young (2048K), 2 survivors (2048K)
 Metaspace       used 120737K, committed 121600K, reserved 1179648K
  class space    used 16641K, committed 17088K, reserved 1048576K
}
Event: 133.938 GC heap before
{Heap before GC invocations=55 (full 0):
 garbage-first heap   total 263168K, used 140568K [0x0000000080000000, 0x0000000100000000)
  region size 1024K, 12 young (12288K), 2 survivors (2048K)
 Metaspace       used 121089K, committed 121984K, reserved 1179648K
  class space    used 16684K, committed 17152K, reserved 1048576K
}

