# JRE version: OpenJDK Runtime Environment (17.0.11) (build 17.0.11+0--11852314)
# Java VM: OpenJDK 64-Bit Server VM (17.0.11+0--11852314, mixed mode, tiered, compressed oops, compressed class ptrs, g1 gc, windows-amd64)
GC Precious Log:
 CPUs: 4 total, 4 available
 Memory: 3838M
 Large Page Support: Disabled
 NUMA Support: Disabled
 Compressed Oops: Enabled (32-bit)
 Heap Region Size: 1M
 Heap Min Capacity: 8M
 Heap Initial Capacity: 60M
 Heap Max Capacity: 2G
 Pre-touch: Disabled
 Parallel Workers: 4
 Concurrent Workers: 1
 Concurrent Refinement Workers: 4
 Periodic GC: Disabled
Heap:
 garbage-first heap   total 75776K, used 47954K [0x0000000080000000, 0x0000000100000000)
  region size 1024K, 3 young (3072K), 2 survivors (2048K)
 Metaspace       used 57227K, committed 57856K, reserved 1114112K
  class space    used 7833K, committed 8128K, reserved 1048576K
GC Heap History (20 events):
Event: 12.921 GC heap before
{Heap before GC invocations=15 (full 0):
 garbage-first heap   total 61440K, used 48834K [0x0000000080000000, 0x0000000100000000)
  region size 1024K, 20 young (20480K), 2 survivors (2048K)
 Metaspace       used 42518K, committed 42880K, reserved 1114112K
  class space    used 5656K, committed 5824K, reserved 1048576K
}
Event: 12.924 GC heap after
{Heap after GC invocations=16 (full 0):
 garbage-first heap   total 61440K, used 30890K [0x0000000080000000, 0x0000000100000000)
  region size 1024K, 3 young (3072K), 3 survivors (3072K)
 Metaspace       used 42518K, committed 42880K, reserved 1114112K
  class space    used 5656K, committed 5824K, reserved 1048576K
}
Event: 14.102 GC heap before
{Heap before GC invocations=17 (full 0):
 garbage-first heap   total 61440K, used 48298K [0x0000000080000000, 0x0000000100000000)
  region size 1024K, 21 young (21504K), 3 survivors (3072K)
 Metaspace       used 44932K, committed 45376K, reserved 1114112K
  class space    used 6060K, committed 6272K, reserved 1048576K
}
Event: 14.107 GC heap after
{Heap after GC invocations=18 (full 0):
 garbage-first heap   total 61440K, used 32384K [0x0000000080000000, 0x0000000100000000)
  region size 1024K, 3 young (3072K), 3 survivors (3072K)
 Metaspace       used 44932K, committed 45376K, reserved 1114112K
  class space    used 6060K, committed 6272K, reserved 1048576K
}
Event: 14.722 GC heap before
{Heap before GC invocations=18 (full 0):
 garbage-first heap   total 61440K, used 47744K [0x0000000080000000, 0x0000000100000000)
  region size 1024K, 19 young (19456K), 3 survivors (3072K)
 Metaspace       used 46969K, committed 47424K, reserved 1114112K
  class space    used 6392K, committed 6592K, reserved 1048576K
}
Event: 14.729 GC heap after
{Heap after GC invocations=19 (full 0):
 garbage-first heap   total 61440K, used 33403K [0x0000000080000000, 0x0000000100000000)
  region size 1024K, 2 young (2048K), 2 survivors (2048K)
 Metaspace       used 46969K, committed 47424K, reserved 1114112K
  class space    used 6392K, committed 6592K, reserved 1048576K
}
Event: 15.146 GC heap before
{Heap before GC invocations=20 (full 0):
 garbage-first heap   total 61440K, used 48763K [0x0000000080000000, 0x0000000100000000)
  region size 1024K, 17 young (17408K), 2 survivors (2048K)
 Metaspace       used 49060K, committed 49536K, reserved 1114112K
  class space    used 6739K, committed 6976K, reserved 1048576K
}
Event: 15.149 GC heap after
{Heap after GC invocations=21 (full 0):
 garbage-first heap   total 61440K, used 33893K [0x0000000080000000, 0x0000000100000000)
  region size 1024K, 2 young (2048K), 2 survivors (2048K)
 Metaspace       used 49060K, committed 49536K, reserved 1114112K
  class space    used 6739K, committed 6976K, reserved 1048576K
}
Event: 16.454 GC heap before
{Heap before GC invocations=21 (full 0):
 garbage-first heap   total 61440K, used 49253K [0x0000000080000000, 0x0000000100000000)
  region size 1024K, 18 young (18432K), 2 survivors (2048K)
 Metaspace       used 51065K, committed 51456K, reserved 1114112K
  class space    used 7057K, committed 7232K, reserved 1048576K
}
Event: 16.458 GC heap after
{Heap after GC invocations=22 (full 0):
 garbage-first heap   total 61440K, used 34984K [0x0000000080000000, 0x0000000100000000)
  region size 1024K, 3 young (3072K), 3 survivors (3072K)
 Metaspace       used 51065K, committed 51456K, reserved 1114112K
  class space    used 7057K, committed 7232K, reserved 1048576K
}
Event: 16.788 GC heap before
{Heap before GC invocations=23 (full 0):
 garbage-first heap   total 63488K, used 45224K [0x0000000080000000, 0x0000000100000000)
  region size 1024K, 15 young (15360K), 3 survivors (3072K)
 Metaspace       used 52390K, committed 52864K, reserved 1114112K
  class space    used 7276K, committed 7488K, reserved 1048576K
}
Event: 16.795 GC heap after
{Heap after GC invocations=24 (full 0):
 garbage-first heap   total 63488K, used 35812K [0x0000000080000000, 0x0000000100000000)
  region size 1024K, 2 young (2048K), 2 survivors (2048K)
 Metaspace       used 52390K, committed 52864K, reserved 1114112K
  class space    used 7276K, committed 7488K, reserved 1048576K
}
Event: 17.459 GC heap before
{Heap before GC invocations=25 (full 0):
 garbage-first heap   total 66560K, used 54244K [0x0000000080000000, 0x0000000100000000)
  region size 1024K, 18 young (18432K), 2 survivors (2048K)
 Metaspace       used 54897K, committed 55424K, reserved 1114112K
  class space    used 7549K, committed 7808K, reserved 1048576K
}
Event: 17.464 GC heap after
{Heap after GC invocations=26 (full 0):
 garbage-first heap   total 66560K, used 36412K [0x0000000080000000, 0x0000000100000000)
  region size 1024K, 2 young (2048K), 2 survivors (2048K)
 Metaspace       used 54897K, committed 55424K, reserved 1114112K
  class space    used 7549K, committed 7808K, reserved 1048576K
}
Event: 19.602 GC heap before
{Heap before GC invocations=26 (full 0):
 garbage-first heap   total 66560K, used 52796K [0x0000000080000000, 0x0000000100000000)
  region size 1024K, 19 young (19456K), 2 survivors (2048K)
 Metaspace       used 55977K, committed 56512K, reserved 1114112K
  class space    used 7670K, committed 7936K, reserved 1048576K
}
Event: 19.609 GC heap after
{Heap after GC invocations=27 (full 0):
 garbage-first heap   total 66560K, used 38359K [0x0000000080000000, 0x0000000100000000)
  region size 1024K, 3 young (3072K), 3 survivors (3072K)
 Metaspace       used 55977K, committed 56512K, reserved 1114112K
  class space    used 7670K, committed 7936K, reserved 1048576K
}
Event: 20.951 GC heap before
{Heap before GC invocations=28 (full 0):
 garbage-first heap   total 66560K, used 52695K [0x0000000080000000, 0x0000000100000000)
  region size 1024K, 18 young (18432K), 3 survivors (3072K)
 Metaspace       used 56457K, committed 57024K, reserved 1114112K
  class space    used 7732K, committed 8000K, reserved 1048576K
}
Event: 20.963 GC heap after
{Heap after GC invocations=29 (full 0):
 garbage-first heap   total 66560K, used 41723K [0x0000000080000000, 0x0000000100000000)
  region size 1024K, 3 young (3072K), 3 survivors (3072K)
 Metaspace       used 56457K, committed 57024K, reserved 1114112K
  class space    used 7732K, committed 8000K, reserved 1048576K
}
Event: 21.311 GC heap before
{Heap before GC invocations=29 (full 0):
 garbage-first heap   total 66560K, used 52987K [0x0000000080000000, 0x0000000100000000)
  region size 1024K, 14 young (14336K), 3 survivors (3072K)
 Metaspace       used 56621K, committed 57152K, reserved 1114112K
  class space    used 7735K, committed 8000K, reserved 1048576K
}
Event: 21.320 GC heap after
{Heap after GC invocations=30 (full 0):
 garbage-first heap   total 66560K, used 42894K [0x0000000080000000, 0x0000000100000000)
  region size 1024K, 2 young (2048K), 2 survivors (2048K)
 Metaspace       used 56621K, committed 57152K, reserved 1114112K
  class space    used 7735K, committed 8000K, reserved 1048576K
}

